<?xml version="1.0" encoding="UTF-8"?>
<!-- Generated by org.testng.reporters.JUnitXMLReporter -->
<testsuite ignored="0" hostname="LTIN646489" failures="0" tests="6" name="Edge Test" time="2.113" errors="0" timestamp="2025-09-09T21:13:46 IST">
  <testcase classname="testcases.OrangeHRMTest" name="addJobCategory" time="0.0">
    <skipped/>
  </testcase> <!-- addJobCategory -->
  <testcase classname="testcases.OrangeHRMTest" name="deleteJobCategory" time="0.0">
    <skipped/>
  </testcase> <!-- deleteJobCategory -->
  <testcase classname="testcases.OrangeHRMTest" name="addLocation" time="0.0">
    <skipped/>
  </testcase> <!-- addLocation -->
  <testcase classname="testcases.OrangeHRMTest" name="deleteLocation" time="0.002">
    <skipped/>
  </testcase> <!-- deleteLocation -->
  <testcase classname="testcases.OrangeHRMTest" name="addSkill" time="0.0">
    <skipped/>
  </testcase> <!-- addSkill -->
  <testcase classname="testcases.OrangeHRMTest" name="deleteSkill" time="0.0">
    <skipped/>
  </testcase> <!-- deleteSkill -->
</testsuite> <!-- Edge Test -->
